C51 COMPILER V9.59.0.0   SYSTEM                                                            11/29/2018 17:03:36 PAGE 1   


C51 COMPILER V9.59.0.0, COMPILATION OF MODULE SYSTEM
OBJECT MODULE PLACED IN .\Objects\system.obj
COMPILER INVOKED BY: E:\MDK\C51\BIN\C51.EXE ..\user\system.c OPTIMIZE(8,SPEED) BROWSE INCDIR(..\bsp;..\lib;..\TimeOut;..
                    -\user;..\touch_lib) DEBUG OBJECTEXTEND PRINT(.\Listings\system.lst) OBJECT(.\Objects\system.obj)

line level    source

   1          #include "system.h"
   2          
   3          unsigned int My_KeyValue;
   4          LINE_PARA_T Line_Para_t[LINE_NUM];
   5          
   6          void System_Init(void)
   7          {
   8   1              static unsigned char i;
   9   1              TouchKeyInit();
  10   1              for(i = 0;i < LINE_NUM;i ++)
  11   1              {
  12   2                      Line_Para_t[i].ID = i;
  13   2                      Line_App_Init(&Line_Para_t[i]);
  14   2              }
  15   1              Line_Status(Line2,Line2_Hight);
  16   1      }
  17          
  18          void System_Handle(void)
  19          {
  20   1              if(SOCAPI_TouchKeyStatus&0x80)
  21   1              {
  22   2                      SOCAPI_TouchKeyStatus &=0x7f;  // 重要步骤  3:  清除标志位， 需要外部清除。
  23   2          My_KeyValue = TouchKeyScan();
  24   2                      switch (My_KeyValue)
  25   2                      {
  26   3                              case 0x0002:
  27   3                                                //Line_Status(Line1,Line1_Hight);
  28   3                                           Line_Status(Line2,Line2_Low);
  29   3                                                break;
  30   3                              case 0x0040:
  31   3                                                Line_Status(Line2,Line2_Low);
  32   3                                                break;
  33   3                              default:
  34   3                                                Line_Status(Line2,Line2_Hight);
  35   3                                                break;
  36   3                      }
  37   2                      TouchKeyRestart();
  38   2              }
  39   1              
  40   1      }
  41          
  42          


MODULE INFORMATION:   STATIC OVERLAYABLE
   CODE SIZE        =     92    ----
   CONSTANT SIZE    =   ----    ----
   XDATA SIZE       =   ----    ----
   PDATA SIZE       =   ----    ----
   DATA SIZE        =      5    ----
   IDATA SIZE       =   ----    ----
   BIT SIZE         =   ----    ----
END OF MODULE INFORMATION.


C51 COMPILATION COMPLETE.  0 WARNING(S),  0 ERROR(S)
